# JRE version: OpenJDK Runtime Environment Microsoft-12574459 (21.0.9+10) (build 21.0.9+10-LTS)
# Java VM: OpenJDK 64-Bit Server VM Microsoft-12574459 (21.0.9+10-LTS, mixed mode, sharing, tiered, compressed oops, compressed class ptrs, g1 gc, windows-amd64)
GC Precious Log:
 CardTable entry size: 512
 Card Set container configuration: InlinePtr #cards 4 size 8 Array Of Cards #cards 32 size 80 Howl #buckets 8 coarsen threshold 7372 Howl Bitmap #cards 1024 size 144 coarsen threshold 921 Card regions per heap region 1 cards per card region 8192
 CPUs: 16 total, 16 available
 Memory: 32681M
 Large Page Support: Disabled
 NUMA Support: Disabled
 Compressed Oops: Enabled (Zero based)
 Heap Region Size: 4M
 Heap Min Capacity: 8M
 Heap Initial Capacity: 512M
 Heap Max Capacity: 5G
 Pre-touch: Disabled
 Parallel Workers: 13
 Concurrent Workers: 3
 Concurrent Refinement Workers: 13
 Periodic GC: Disabled
Heap:
 garbage-first heap   total 118784K, used 89707K [0x00000006c0000000, 0x0000000800000000)
  region size 4096K, 12 young (49152K), 2 survivors (8192K)
 Metaspace       used 64199K, committed 66176K, reserved 1114112K
  class space    used 9100K, committed 10048K, reserved 1048576K
GC Heap History (20 events):
Event: 0.684 GC heap before
{Heap before GC invocations=1 (full 0):
 garbage-first heap   total 524288K, used 44226K [0x00000006c0000000, 0x0000000800000000)
  region size 4096K, 11 young (45056K), 1 survivors (4096K)
 Metaspace       used 4488K, committed 4672K, reserved 1114112K
  class space    used 555K, committed 640K, reserved 1048576K
}
Event: 0.687 GC heap after
{Heap after GC invocations=2 (full 0):
 garbage-first heap   total 524288K, used 12179K [0x00000006c0000000, 0x0000000800000000)
  region size 4096K, 2 young (8192K), 2 survivors (8192K)
 Metaspace       used 4488K, committed 4672K, reserved 1114112K
  class space    used 555K, committed 640K, reserved 1048576K
}
Event: 1.094 GC heap before
{Heap before GC invocations=2 (full 0):
 garbage-first heap   total 524288K, used 61331K [0x00000006c0000000, 0x0000000800000000)
  region size 4096K, 14 young (57344K), 2 survivors (8192K)
 Metaspace       used 7276K, committed 7552K, reserved 1114112K
  class space    used 974K, committed 1088K, reserved 1048576K
}
Event: 1.098 GC heap after
{Heap after GC invocations=3 (full 0):
 garbage-first heap   total 524288K, used 18793K [0x00000006c0000000, 0x0000000800000000)
  region size 4096K, 2 young (8192K), 2 survivors (8192K)
 Metaspace       used 7276K, committed 7552K, reserved 1114112K
  class space    used 974K, committed 1088K, reserved 1048576K
}
Event: 2.071 GC heap before
{Heap before GC invocations=3 (full 0):
 garbage-first heap   total 524288K, used 104809K [0x00000006c0000000, 0x0000000800000000)
  region size 4096K, 24 young (98304K), 2 survivors (8192K)
 Metaspace       used 20840K, committed 21504K, reserved 1114112K
  class space    used 3044K, committed 3328K, reserved 1048576K
}
Event: 2.076 GC heap after
{Heap after GC invocations=4 (full 0):
 garbage-first heap   total 524288K, used 24427K [0x00000006c0000000, 0x0000000800000000)
  region size 4096K, 4 young (16384K), 4 survivors (16384K)
 Metaspace       used 20840K, committed 21504K, reserved 1114112K
  class space    used 3044K, committed 3328K, reserved 1048576K
}
Event: 2.709 GC heap before
{Heap before GC invocations=5 (full 0):
 garbage-first heap   total 98304K, used 94059K [0x00000006c0000000, 0x0000000800000000)
  region size 4096K, 21 young (86016K), 4 survivors (16384K)
 Metaspace       used 31523K, committed 32448K, reserved 1114112K
  class space    used 4426K, committed 4864K, reserved 1048576K
}
Event: 2.715 GC heap after
{Heap after GC invocations=6 (full 0):
 garbage-first heap   total 118784K, used 29984K [0x00000006c0000000, 0x0000000800000000)
  region size 4096K, 5 young (20480K), 5 survivors (20480K)
 Metaspace       used 31523K, committed 32448K, reserved 1114112K
  class space    used 4426K, committed 4864K, reserved 1048576K
}
Event: 3.058 GC heap before
{Heap before GC invocations=6 (full 0):
 garbage-first heap   total 118784K, used 70944K [0x00000006c0000000, 0x0000000800000000)
  region size 4096K, 17 young (69632K), 5 survivors (20480K)
 Metaspace       used 35048K, committed 36096K, reserved 1114112K
  class space    used 4915K, committed 5440K, reserved 1048576K
}
Event: 3.064 GC heap after
{Heap after GC invocations=7 (full 0):
 garbage-first heap   total 118784K, used 32924K [0x00000006c0000000, 0x0000000800000000)
  region size 4096K, 3 young (12288K), 3 survivors (12288K)
 Metaspace       used 35048K, committed 36096K, reserved 1114112K
  class space    used 4915K, committed 5440K, reserved 1048576K
}
Event: 3.501 GC heap before
{Heap before GC invocations=8 (full 0):
 garbage-first heap   total 118784K, used 90268K [0x00000006c0000000, 0x0000000800000000)
  region size 4096K, 17 young (69632K), 3 survivors (12288K)
 Metaspace       used 40305K, committed 41792K, reserved 1114112K
  class space    used 5767K, committed 6464K, reserved 1048576K
}
Event: 3.506 GC heap after
{Heap after GC invocations=9 (full 0):
 garbage-first heap   total 118784K, used 37036K [0x00000006c0000000, 0x0000000800000000)
  region size 4096K, 2 young (8192K), 2 survivors (8192K)
 Metaspace       used 40305K, committed 41792K, reserved 1114112K
  class space    used 5767K, committed 6464K, reserved 1048576K
}
Event: 4.218 GC heap before
{Heap before GC invocations=9 (full 0):
 garbage-first heap   total 118784K, used 98476K [0x00000006c0000000, 0x0000000800000000)
  region size 4096K, 17 young (69632K), 2 survivors (8192K)
 Metaspace       used 47353K, committed 49024K, reserved 1114112K
  class space    used 6945K, committed 7744K, reserved 1048576K
}
Event: 4.222 GC heap after
{Heap after GC invocations=10 (full 0):
 garbage-first heap   total 118784K, used 40441K [0x00000006c0000000, 0x0000000800000000)
  region size 4096K, 2 young (8192K), 2 survivors (8192K)
 Metaspace       used 47353K, committed 49024K, reserved 1114112K
  class space    used 6945K, committed 7744K, reserved 1048576K
}
Event: 4.619 GC heap before
{Heap before GC invocations=10 (full 0):
 garbage-first heap   total 118784K, used 97785K [0x00000006c0000000, 0x0000000800000000)
  region size 4096K, 16 young (65536K), 2 survivors (8192K)
 Metaspace       used 51578K, committed 53376K, reserved 1114112K
  class space    used 7388K, committed 8256K, reserved 1048576K
}
Event: 4.623 GC heap after
{Heap after GC invocations=11 (full 0):
 garbage-first heap   total 118784K, used 43401K [0x00000006c0000000, 0x0000000800000000)
  region size 4096K, 2 young (8192K), 2 survivors (8192K)
 Metaspace       used 51578K, committed 53376K, reserved 1114112K
  class space    used 7388K, committed 8256K, reserved 1048576K
}
Event: 5.301 GC heap before
{Heap before GC invocations=11 (full 0):
 garbage-first heap   total 118784K, used 67977K [0x00000006c0000000, 0x0000000800000000)
  region size 4096K, 10 young (40960K), 2 survivors (8192K)
 Metaspace       used 58548K, committed 60288K, reserved 1114112K
  class space    used 8204K, committed 9088K, reserved 1048576K
}
Event: 5.305 GC heap after
{Heap after GC invocations=12 (full 0):
 garbage-first heap   total 118784K, used 48282K [0x00000006c0000000, 0x0000000800000000)
  region size 4096K, 2 young (8192K), 2 survivors (8192K)
 Metaspace       used 58548K, committed 60288K, reserved 1114112K
  class space    used 8204K, committed 9088K, reserved 1048576K
}
Event: 5.756 GC heap before
{Heap before GC invocations=13 (full 0):
 garbage-first heap   total 118784K, used 101530K [0x00000006c0000000, 0x0000000800000000)
  region size 4096K, 15 young (61440K), 2 survivors (8192K)
 Metaspace       used 63300K, committed 65280K, reserved 1114112K
  class space    used 8960K, committed 9920K, reserved 1048576K
}
Event: 5.760 GC heap after
{Heap after GC invocations=14 (full 0):
 garbage-first heap   total 118784K, used 52843K [0x00000006c0000000, 0x0000000800000000)
  region size 4096K, 2 young (8192K), 2 survivors (8192K)
 Metaspace       used 63300K, committed 65280K, reserved 1114112K
  class space    used 8960K, committed 9920K, reserved 1048576K
}

